<?xml version="1.0" encoding="UTF-8" ?>
<testsuite errors="0" failures="0" hostname="Дима-ПК" name="selenium.FunctionalTests.SignUpFormTest" skipped="0" tests="1" time="38.98" timestamp="2018-04-12T18:45:28">
  <properties>
[...]
</properties>
  <testcase classname="selenium.FunctionalTests.SignUpFormTest" name="signUp" time="7.407" />
  <system-out><![CDATA[]]></system-out>
  <system-err><![CDATA[Starting ChromeDriver 2.35.528161 (5b82f2d2aae0ca24b877009200ced9065a772e73) on port 46190
Only local connections are allowed.
апр 12, 2018 9:45:59 PM org.openqa.selenium.remote.ProtocolHandshake createSession
INFO: Detected dialect: OSS
]]></system-err>
</testsuite>
